Compilación iniciada a las 12/03/2015 18:41:19.
     1>Proyecto "D:\Users\pausc1\Documents\GitHub\asdf\progII\Punto 2D_String\Project1.vcxproj" en el nodo 2 (Build destinos).
     1>ClCompile:
         C:\soft\Microsoft Visual Studio 12.0\VC\bin\CL.exe /c /ZI /nologo /W3 /WX- /sdl /Od /Oy- /D _MBCS /D _MBCS /Gm /EHsc /RTC1 /MDd /GS /fp:precise /Zc:wchar_t /Zc:forScope /Fo"Debug\\" /Fd"Debug\vc120.pdb" /Gd /TP /analyze- /errorReport:prompt Main.cpp String.cpp
         String.cpp
     1>d:\users\pausc1\documents\github\asdf\progii\punto 2d_string\string.cpp(119): warning C4018: '>' : no coinciden signed/unsigned
         Generando código...
         Compilando...
         Main.cpp
         Generando código...
       Link:
         C:\soft\Microsoft Visual Studio 12.0\VC\bin\link.exe /ERRORREPORT:PROMPT /OUT:"D:\Users\pausc1\Documents\GitHub\asdf\progII\Punto 2D_String\Debug\ProgII.exe" /INCREMENTAL /NOLOGO kernel32.lib user32.lib gdi32.lib winspool.lib comdlg32.lib advapi32.lib shell32.lib ole32.lib oleaut32.lib uuid.lib odbc32.lib odbccp32.lib /MANIFEST /MANIFESTUAC:"level='asInvoker' uiAccess='false'" /manifest:embed /DEBUG /PDB:"D:\Users\pausc1\Documents\GitHub\asdf\progII\Punto 2D_String\Debug\ProgII.pdb" /TLBID:1 /DYNAMICBASE /NXCOMPAT /IMPLIB:"D:\Users\pausc1\Documents\GitHub\asdf\progII\Punto 2D_String\Debug\ProgII.lib" /MACHINE:X86 Debug\LinkedList.obj
         Debug\List.obj
         Debug\Log.obj
         Debug\Main.obj
         Debug\Point2D.obj
         Debug\String.obj
         LINK : no se encontró D:\Users\pausc1\Documents\GitHub\asdf\progII\Punto 2D_String\Debug\ProgII.exe o no lo generó el último vínculo incremental; ejecutando vínculo completo
         Project1.vcxproj -> D:\Users\pausc1\Documents\GitHub\asdf\progII\Punto 2D_String\Debug\ProgII.exe
     1>Compilación del proyecto terminada "D:\Users\pausc1\Documents\GitHub\asdf\progII\Punto 2D_String\Project1.vcxproj" (Build destinos).

Compilación correcta.

Tiempo transcurrido 00:00:00.57
